2013-11-07 16:14:57,209 - chodewars.game - INFO - 
____________________
Game Initialized: 
____________________
2013-11-07 16:14:57,210 - chodewars.game - DEBUG - Loading configuration
2013-11-07 16:14:57,210 - chodewars.game - INFO - Using flat file database
2013-11-07 16:14:57,210 - chodewars.game - DEBUG - Connecting to database
2013-11-07 16:14:57,210 - chodewars.game - DEBUG - Loading cluster alpha
2013-11-07 16:14:57,210 - chodewars.db.FlatFileDatabase - INFO - load_object_by_name(): No object found with name alpha, returning None
2013-11-07 16:14:57,214 - chodewars.db.FlatFileDatabase - INFO - _write_json(): Wrote {"dockable": false, "name": "alpha", "parent": null, "scanable": false, "children": [], "landable": false, "y": 10, "x": 10, "type": "Cluster", "id": "9dbea7b9-7222-4446-88dc-ea63be7f7928", "tradeable": false} to <closed file 'data/universe/9dbea7b9-7222-4446-88dc-ea63be7f7928', mode 'w' at 0x7f01151930c0>
2013-11-07 16:14:57,215 - chodewars.game - DEBUG - Cluster alpha did not exist, but has been added
2013-11-07 16:14:57,215 - chodewars.game - DEBUG - Clusters initialized: {'alpha': alpha (10 x 10)}
2013-11-07 16:15:50,901 - chodewars.game - DEBUG - Retrieving player account for id matthew.parlette@gmail.com
2013-11-07 16:16:07,605 - chodewars.game - DEBUG - Adding player matt
2013-11-07 16:16:07,606 - chodewars.db.FlatFileDatabase - INFO - _write_json(): Wrote {"dockable": false, "name": "matt", "parent": null, "scanable": false, "children": [], "landable": false, "type": "Player", "id": "matthew.parlette@gmail.com", "tradeable": false} to <closed file 'data/universe/matthew.parlette@gmail.com', mode 'w' at 0x1e6d270>
2013-11-07 16:16:07,606 - chodewars.game - DEBUG - add_player() returning matt
2013-11-07 16:16:07,608 - chodewars.game - DEBUG - Retrieving player account for id matthew.parlette@gmail.com
2013-11-07 16:16:07,609 - chodewars.game - DEBUG - Returning player {'dockable': False, 'name': u'matt', 'parent': None, 'scanable': False, 'landable': False, 'id': u'matthew.parlette@gmail.com', 'type': u'Player', 'children': [], 'tradeable': False}
2013-11-07 16:16:22,039 - chodewars.game - DEBUG - Retrieving player account for id matthew.parlette@gmail.com
2013-11-07 16:16:22,040 - chodewars.game - DEBUG - Returning player {'dockable': False, 'name': u'matt', 'parent': None, 'scanable': False, 'landable': False, 'id': u'matthew.parlette@gmail.com', 'type': u'Player', 'children': [], 'tradeable': False}
2013-11-07 16:16:22,040 - chodewars.game - DEBUG - _find_empty_sector(): Choosing random cluster from {'alpha': alpha (10 x 10)}
2013-11-07 16:16:22,040 - chodewars.game - DEBUG - Random cluster selected as alpha (10 x 10)
2013-11-07 16:16:22,041 - chodewars.db.FlatFileDatabase - INFO - load_object_by_name(): No object found with name alpha (10 x 10)-82, returning None
2013-11-07 16:16:22,041 - chodewars.game - INFO - Empty sector found, returning alpha-82
2013-11-07 16:16:22,042 - chodewars.game - DEBUG - assign_home_sector(): Home sector determined to be 82
2013-11-07 16:16:22,042 - chodewars.db.FlatFileDatabase - INFO - load_object_by_name(): No object found with name alpha-82, returning None
2013-11-07 16:16:22,042 - chodewars.game - DEBUG - get_sector(): Loaded cluster as alpha (10 x 10)
2013-11-07 16:16:22,042 - chodewars.game - DEBUG - Assigning alpha-82 as a child of alpha (10 x 10)
2013-11-07 16:16:22,042 - chodewars.db.FlatFileDatabase - INFO - _write_json(): Wrote {"dockable": false, "name": "alpha", "parent": null, "scanable": false, "children": ["4fc3bd37-a8c8-4b2a-a20a-64cd6c66f182"], "landable": false, "y": 10, "x": 10, "type": "Cluster", "id": "9dbea7b9-7222-4446-88dc-ea63be7f7928", "tradeable": false} to <closed file 'data/universe/9dbea7b9-7222-4446-88dc-ea63be7f7928', mode 'w' at 0x1e6d150>
2013-11-07 16:16:22,043 - chodewars.db.FlatFileDatabase - INFO - _write_json(): Wrote {"dockable": false, "name": "82", "parent": "9dbea7b9-7222-4446-88dc-ea63be7f7928", "scanable": false, "children": [], "landable": false, "cluster_name": "alpha", "type": "Sector", "id": "4fc3bd37-a8c8-4b2a-a20a-64cd6c66f182", "tradeable": false} to <closed file 'data/universe/4fc3bd37-a8c8-4b2a-a20a-64cd6c66f182', mode 'w' at 0x1e6d150>
2013-11-07 16:16:22,043 - chodewars.game - DEBUG - Added child alpha-82 to alpha (10 x 10)
2013-11-07 16:16:22,043 - chodewars.game - DEBUG - get_sector(): Returning sector alpha-82 with parent 9dbea7b9-7222-4446-88dc-ea63be7f7928
2013-11-07 16:16:22,043 - chodewars.game - DEBUG - assign_home_sector(): Adding planet my first planet
2013-11-07 16:16:22,043 - chodewars.game - DEBUG - Assigning my first planet as a child of alpha-82
2013-11-07 16:16:22,043 - chodewars.db.FlatFileDatabase - INFO - _write_json(): Wrote {"dockable": false, "name": "82", "parent": "9dbea7b9-7222-4446-88dc-ea63be7f7928", "scanable": false, "children": ["459ac891-5138-4ba0-b2b0-e23357b1b176"], "landable": false, "cluster_name": "alpha", "type": "Sector", "id": "4fc3bd37-a8c8-4b2a-a20a-64cd6c66f182", "tradeable": false} to <closed file 'data/universe/4fc3bd37-a8c8-4b2a-a20a-64cd6c66f182', mode 'w' at 0x1e6d150>
2013-11-07 16:16:22,043 - chodewars.db.FlatFileDatabase - INFO - _write_json(): Wrote {"dockable": false, "name": "my first planet", "parent": "4fc3bd37-a8c8-4b2a-a20a-64cd6c66f182", "scanable": false, "children": [], "landable": false, "type": "Planet", "id": "459ac891-5138-4ba0-b2b0-e23357b1b176", "tradeable": false} to <closed file 'data/universe/459ac891-5138-4ba0-b2b0-e23357b1b176', mode 'w' at 0x1e6d150>
2013-11-07 16:16:22,043 - chodewars.game - DEBUG - Added child my first planet to alpha-82
2013-11-07 16:16:22,044 - chodewars.game - DEBUG - Assigning ship 1 as a child of alpha-82
2013-11-07 16:16:22,044 - chodewars.db.FlatFileDatabase - INFO - _write_json(): Wrote {"dockable": false, "name": "82", "parent": "9dbea7b9-7222-4446-88dc-ea63be7f7928", "scanable": false, "children": ["459ac891-5138-4ba0-b2b0-e23357b1b176", "2a032185-b5ce-456e-8907-75abc3b3a7fe"], "landable": false, "cluster_name": "alpha", "type": "Sector", "id": "4fc3bd37-a8c8-4b2a-a20a-64cd6c66f182", "tradeable": false} to <closed file 'data/universe/4fc3bd37-a8c8-4b2a-a20a-64cd6c66f182', mode 'w' at 0x1e6d150>
2013-11-07 16:16:22,044 - chodewars.db.FlatFileDatabase - INFO - _write_json(): Wrote {"dockable": false, "scanable": false, "name": "ship 1", "parent": "4fc3bd37-a8c8-4b2a-a20a-64cd6c66f182", "holds": 10, "children": [], "landable": false, "type": "Ship", "id": "2a032185-b5ce-456e-8907-75abc3b3a7fe", "tradeable": false} to <closed file 'data/universe/2a032185-b5ce-456e-8907-75abc3b3a7fe', mode 'w' at 0x1e6d150>
2013-11-07 16:16:22,044 - chodewars.game - DEBUG - Added child ship 1 to alpha-82
2013-11-07 16:16:22,044 - chodewars.game - DEBUG - Assigning matt as a child of ship 1
2013-11-07 16:16:22,044 - chodewars.db.FlatFileDatabase - INFO - _write_json(): Wrote {"dockable": false, "scanable": false, "name": "ship 1", "parent": "4fc3bd37-a8c8-4b2a-a20a-64cd6c66f182", "holds": 10, "children": ["matthew.parlette@gmail.com"], "landable": false, "type": "Ship", "id": "2a032185-b5ce-456e-8907-75abc3b3a7fe", "tradeable": false} to <closed file 'data/universe/2a032185-b5ce-456e-8907-75abc3b3a7fe', mode 'w' at 0x1e6d150>
2013-11-07 16:16:22,044 - chodewars.db.FlatFileDatabase - INFO - _write_json(): Wrote {"dockable": false, "name": "matt", "parent": "2a032185-b5ce-456e-8907-75abc3b3a7fe", "scanable": false, "children": [], "landable": false, "type": "Player", "id": "matthew.parlette@gmail.com", "tradeable": false} to <closed file 'data/universe/matthew.parlette@gmail.com', mode 'w' at 0x1e6d150>
2013-11-07 16:16:22,044 - chodewars.game - DEBUG - Added child matt to ship 1
2013-11-07 16:16:22,046 - chodewars.game - DEBUG - Retrieving player account for id matthew.parlette@gmail.com
2013-11-07 16:16:22,047 - chodewars.game - DEBUG - Returning player {'dockable': False, 'name': u'matt', 'parent': '2a032185-b5ce-456e-8907-75abc3b3a7fe', 'scanable': False, 'landable': False, 'id': u'matthew.parlette@gmail.com', 'type': u'Player', 'children': [], 'tradeable': False}
2013-11-07 16:16:22,048 - chodewars.game - DEBUG - Building list of available warps for sector {'dockable': False, 'name': u'82', 'parent': '9dbea7b9-7222-4446-88dc-ea63be7f7928', 'scanable': False, 'children': [u'459ac891-5138-4ba0-b2b0-e23357b1b176', u'2a032185-b5ce-456e-8907-75abc3b3a7fe'], 'landable': False, 'cluster_name': u'alpha', 'type': u'Sector', 'id': '4fc3bd37-a8c8-4b2a-a20a-64cd6c66f182', 'tradeable': False}
2013-11-07 16:16:22,048 - chodewars.game - DEBUG - Cluster loaded as alpha (10 x 10)
2013-11-07 16:16:22,048 - chodewars.game - DEBUG - Calculations: 82 mod 10 = 2
2013-11-07 16:16:22,049 - chodewars.db.FlatFileDatabase - INFO - load_object_by_name(): No object found with name alpha-71, returning None
2013-11-07 16:16:22,050 - chodewars.game - DEBUG - get_sector(): Loaded cluster as alpha (10 x 10)
2013-11-07 16:16:22,050 - chodewars.game - DEBUG - Assigning alpha-71 as a child of alpha (10 x 10)
2013-11-07 16:16:22,051 - chodewars.db.FlatFileDatabase - INFO - _write_json(): Wrote {"dockable": false, "name": "alpha", "parent": null, "scanable": false, "children": ["4fc3bd37-a8c8-4b2a-a20a-64cd6c66f182", "76183eea-a8d3-45aa-bb85-da94f55d8d96"], "landable": false, "y": 10, "x": 10, "type": "Cluster", "id": "9dbea7b9-7222-4446-88dc-ea63be7f7928", "tradeable": false} to <closed file 'data/universe/9dbea7b9-7222-4446-88dc-ea63be7f7928', mode 'w' at 0x1e6d540>
2013-11-07 16:16:22,051 - chodewars.db.FlatFileDatabase - INFO - _write_json(): Wrote {"dockable": false, "name": "71", "parent": "9dbea7b9-7222-4446-88dc-ea63be7f7928", "scanable": false, "children": [], "landable": false, "cluster_name": "alpha", "type": "Sector", "id": "76183eea-a8d3-45aa-bb85-da94f55d8d96", "tradeable": false} to <closed file 'data/universe/76183eea-a8d3-45aa-bb85-da94f55d8d96', mode 'w' at 0x1e6d540>
2013-11-07 16:16:22,051 - chodewars.game - DEBUG - Added child alpha-71 to alpha (10 x 10)
2013-11-07 16:16:22,051 - chodewars.game - DEBUG - get_sector(): Returning sector alpha-71 with parent 9dbea7b9-7222-4446-88dc-ea63be7f7928
2013-11-07 16:16:22,052 - chodewars.db.FlatFileDatabase - INFO - load_object_by_name(): No object found with name alpha-72, returning None
2013-11-07 16:16:22,052 - chodewars.game - DEBUG - get_sector(): Loaded cluster as alpha (10 x 10)
2013-11-07 16:16:22,052 - chodewars.game - DEBUG - Assigning alpha-72 as a child of alpha (10 x 10)
2013-11-07 16:16:22,053 - chodewars.db.FlatFileDatabase - INFO - _write_json(): Wrote {"dockable": false, "name": "alpha", "parent": null, "scanable": false, "children": ["4fc3bd37-a8c8-4b2a-a20a-64cd6c66f182", "76183eea-a8d3-45aa-bb85-da94f55d8d96", "4475c85c-7341-4b32-beac-1643c364837e"], "landable": false, "y": 10, "x": 10, "type": "Cluster", "id": "9dbea7b9-7222-4446-88dc-ea63be7f7928", "tradeable": false} to <closed file 'data/universe/9dbea7b9-7222-4446-88dc-ea63be7f7928', mode 'w' at 0x1e6d540>
2013-11-07 16:16:22,053 - chodewars.db.FlatFileDatabase - INFO - _write_json(): Wrote {"dockable": false, "name": "72", "parent": "9dbea7b9-7222-4446-88dc-ea63be7f7928", "scanable": false, "children": [], "landable": false, "cluster_name": "alpha", "type": "Sector", "id": "4475c85c-7341-4b32-beac-1643c364837e", "tradeable": false} to <closed file 'data/universe/4475c85c-7341-4b32-beac-1643c364837e', mode 'w' at 0x1e6d540>
2013-11-07 16:16:22,053 - chodewars.game - DEBUG - Added child alpha-72 to alpha (10 x 10)
2013-11-07 16:16:22,053 - chodewars.game - DEBUG - get_sector(): Returning sector alpha-72 with parent 9dbea7b9-7222-4446-88dc-ea63be7f7928
2013-11-07 16:16:22,054 - chodewars.db.FlatFileDatabase - INFO - load_object_by_name(): No object found with name alpha-73, returning None
2013-11-07 16:16:22,054 - chodewars.game - DEBUG - get_sector(): Loaded cluster as alpha (10 x 10)
2013-11-07 16:16:22,054 - chodewars.game - DEBUG - Assigning alpha-73 as a child of alpha (10 x 10)
2013-11-07 16:16:22,055 - chodewars.db.FlatFileDatabase - INFO - _write_json(): Wrote {"dockable": false, "name": "alpha", "parent": null, "scanable": false, "children": ["4fc3bd37-a8c8-4b2a-a20a-64cd6c66f182", "76183eea-a8d3-45aa-bb85-da94f55d8d96", "4475c85c-7341-4b32-beac-1643c364837e", "53ca4f14-e78e-4d36-b310-408d53a1cc77"], "landable": false, "y": 10, "x": 10, "type": "Cluster", "id": "9dbea7b9-7222-4446-88dc-ea63be7f7928", "tradeable": false} to <closed file 'data/universe/9dbea7b9-7222-4446-88dc-ea63be7f7928', mode 'w' at 0x1e6d540>
2013-11-07 16:16:22,055 - chodewars.db.FlatFileDatabase - INFO - _write_json(): Wrote {"dockable": false, "name": "73", "parent": "9dbea7b9-7222-4446-88dc-ea63be7f7928", "scanable": false, "children": [], "landable": false, "cluster_name": "alpha", "type": "Sector", "id": "53ca4f14-e78e-4d36-b310-408d53a1cc77", "tradeable": false} to <closed file 'data/universe/53ca4f14-e78e-4d36-b310-408d53a1cc77', mode 'w' at 0x1e6d540>
2013-11-07 16:16:22,055 - chodewars.game - DEBUG - Added child alpha-73 to alpha (10 x 10)
2013-11-07 16:16:22,055 - chodewars.game - DEBUG - get_sector(): Returning sector alpha-73 with parent 9dbea7b9-7222-4446-88dc-ea63be7f7928
2013-11-07 16:16:22,056 - chodewars.db.FlatFileDatabase - INFO - load_object_by_name(): No object found with name alpha-83, returning None
2013-11-07 16:16:22,056 - chodewars.game - DEBUG - get_sector(): Loaded cluster as alpha (10 x 10)
2013-11-07 16:16:22,056 - chodewars.game - DEBUG - Assigning alpha-83 as a child of alpha (10 x 10)
2013-11-07 16:16:22,057 - chodewars.db.FlatFileDatabase - INFO - _write_json(): Wrote {"dockable": false, "name": "alpha", "parent": null, "scanable": false, "children": ["4fc3bd37-a8c8-4b2a-a20a-64cd6c66f182", "76183eea-a8d3-45aa-bb85-da94f55d8d96", "4475c85c-7341-4b32-beac-1643c364837e", "53ca4f14-e78e-4d36-b310-408d53a1cc77", "7071105f-98e7-42db-8f24-e0865699f8a8"], "landable": false, "y": 10, "x": 10, "type": "Cluster", "id": "9dbea7b9-7222-4446-88dc-ea63be7f7928", "tradeable": false} to <closed file 'data/universe/9dbea7b9-7222-4446-88dc-ea63be7f7928', mode 'w' at 0x1e6d540>
2013-11-07 16:16:22,057 - chodewars.db.FlatFileDatabase - INFO - _write_json(): Wrote {"dockable": false, "name": "83", "parent": "9dbea7b9-7222-4446-88dc-ea63be7f7928", "scanable": false, "children": [], "landable": false, "cluster_name": "alpha", "type": "Sector", "id": "7071105f-98e7-42db-8f24-e0865699f8a8", "tradeable": false} to <closed file 'data/universe/7071105f-98e7-42db-8f24-e0865699f8a8', mode 'w' at 0x1e6d540>
2013-11-07 16:16:22,057 - chodewars.game - DEBUG - Added child alpha-83 to alpha (10 x 10)
2013-11-07 16:16:22,057 - chodewars.game - DEBUG - get_sector(): Returning sector alpha-83 with parent 9dbea7b9-7222-4446-88dc-ea63be7f7928
2013-11-07 16:16:22,058 - chodewars.db.FlatFileDatabase - INFO - load_object_by_name(): No object found with name alpha-93, returning None
2013-11-07 16:16:22,059 - chodewars.game - DEBUG - get_sector(): Loaded cluster as alpha (10 x 10)
2013-11-07 16:16:22,059 - chodewars.game - DEBUG - Assigning alpha-93 as a child of alpha (10 x 10)
2013-11-07 16:16:22,059 - chodewars.db.FlatFileDatabase - INFO - _write_json(): Wrote {"dockable": false, "name": "alpha", "parent": null, "scanable": false, "children": ["4fc3bd37-a8c8-4b2a-a20a-64cd6c66f182", "76183eea-a8d3-45aa-bb85-da94f55d8d96", "4475c85c-7341-4b32-beac-1643c364837e", "53ca4f14-e78e-4d36-b310-408d53a1cc77", "7071105f-98e7-42db-8f24-e0865699f8a8", "46828a87-9fbb-4637-9483-52d01bd80059"], "landable": false, "y": 10, "x": 10, "type": "Cluster", "id": "9dbea7b9-7222-4446-88dc-ea63be7f7928", "tradeable": false} to <closed file 'data/universe/9dbea7b9-7222-4446-88dc-ea63be7f7928', mode 'w' at 0x1e6d540>
2013-11-07 16:16:22,059 - chodewars.db.FlatFileDatabase - INFO - _write_json(): Wrote {"dockable": false, "name": "93", "parent": "9dbea7b9-7222-4446-88dc-ea63be7f7928", "scanable": false, "children": [], "landable": false, "cluster_name": "alpha", "type": "Sector", "id": "46828a87-9fbb-4637-9483-52d01bd80059", "tradeable": false} to <closed file 'data/universe/46828a87-9fbb-4637-9483-52d01bd80059', mode 'w' at 0x1e6d540>
2013-11-07 16:16:22,059 - chodewars.game - DEBUG - Added child alpha-93 to alpha (10 x 10)
2013-11-07 16:16:22,060 - chodewars.game - DEBUG - get_sector(): Returning sector alpha-93 with parent 9dbea7b9-7222-4446-88dc-ea63be7f7928
2013-11-07 16:16:22,061 - chodewars.db.FlatFileDatabase - INFO - load_object_by_name(): No object found with name alpha-92, returning None
2013-11-07 16:16:22,061 - chodewars.game - DEBUG - get_sector(): Loaded cluster as alpha (10 x 10)
2013-11-07 16:16:22,061 - chodewars.game - DEBUG - Assigning alpha-92 as a child of alpha (10 x 10)
2013-11-07 16:16:22,062 - chodewars.db.FlatFileDatabase - INFO - _write_json(): Wrote {"dockable": false, "name": "alpha", "parent": null, "scanable": false, "children": ["4fc3bd37-a8c8-4b2a-a20a-64cd6c66f182", "76183eea-a8d3-45aa-bb85-da94f55d8d96", "4475c85c-7341-4b32-beac-1643c364837e", "53ca4f14-e78e-4d36-b310-408d53a1cc77", "7071105f-98e7-42db-8f24-e0865699f8a8", "46828a87-9fbb-4637-9483-52d01bd80059", "362725e2-1af7-4556-9e75-56c1a3672360"], "landable": false, "y": 10, "x": 10, "type": "Cluster", "id": "9dbea7b9-7222-4446-88dc-ea63be7f7928", "tradeable": false} to <closed file 'data/universe/9dbea7b9-7222-4446-88dc-ea63be7f7928', mode 'w' at 0x1e6d540>
2013-11-07 16:16:22,062 - chodewars.db.FlatFileDatabase - INFO - _write_json(): Wrote {"dockable": false, "name": "92", "parent": "9dbea7b9-7222-4446-88dc-ea63be7f7928", "scanable": false, "children": [], "landable": false, "cluster_name": "alpha", "type": "Sector", "id": "362725e2-1af7-4556-9e75-56c1a3672360", "tradeable": false} to <closed file 'data/universe/362725e2-1af7-4556-9e75-56c1a3672360', mode 'w' at 0x1e6d540>
2013-11-07 16:16:22,062 - chodewars.game - DEBUG - Added child alpha-92 to alpha (10 x 10)
2013-11-07 16:16:22,062 - chodewars.game - DEBUG - get_sector(): Returning sector alpha-92 with parent 9dbea7b9-7222-4446-88dc-ea63be7f7928
2013-11-07 16:16:22,063 - chodewars.db.FlatFileDatabase - INFO - load_object_by_name(): No object found with name alpha-91, returning None
2013-11-07 16:16:22,064 - chodewars.game - DEBUG - get_sector(): Loaded cluster as alpha (10 x 10)
2013-11-07 16:16:22,064 - chodewars.game - DEBUG - Assigning alpha-91 as a child of alpha (10 x 10)
2013-11-07 16:16:22,065 - chodewars.db.FlatFileDatabase - INFO - _write_json(): Wrote {"dockable": false, "name": "alpha", "parent": null, "scanable": false, "children": ["4fc3bd37-a8c8-4b2a-a20a-64cd6c66f182", "76183eea-a8d3-45aa-bb85-da94f55d8d96", "4475c85c-7341-4b32-beac-1643c364837e", "53ca4f14-e78e-4d36-b310-408d53a1cc77", "7071105f-98e7-42db-8f24-e0865699f8a8", "46828a87-9fbb-4637-9483-52d01bd80059", "362725e2-1af7-4556-9e75-56c1a3672360", "2a7a127c-18d4-4933-90cb-45b9a498b490"], "landable": false, "y": 10, "x": 10, "type": "Cluster", "id": "9dbea7b9-7222-4446-88dc-ea63be7f7928", "tradeable": false} to <closed file 'data/universe/9dbea7b9-7222-4446-88dc-ea63be7f7928', mode 'w' at 0x1e6d540>
2013-11-07 16:16:22,065 - chodewars.db.FlatFileDatabase - INFO - _write_json(): Wrote {"dockable": false, "name": "91", "parent": "9dbea7b9-7222-4446-88dc-ea63be7f7928", "scanable": false, "children": [], "landable": false, "cluster_name": "alpha", "type": "Sector", "id": "2a7a127c-18d4-4933-90cb-45b9a498b490", "tradeable": false} to <closed file 'data/universe/2a7a127c-18d4-4933-90cb-45b9a498b490', mode 'w' at 0x1e6d540>
2013-11-07 16:16:22,065 - chodewars.game - DEBUG - Added child alpha-91 to alpha (10 x 10)
2013-11-07 16:16:22,065 - chodewars.game - DEBUG - get_sector(): Returning sector alpha-91 with parent 9dbea7b9-7222-4446-88dc-ea63be7f7928
2013-11-07 16:16:22,066 - chodewars.db.FlatFileDatabase - INFO - load_object_by_name(): No object found with name alpha-81, returning None
2013-11-07 16:16:22,067 - chodewars.game - DEBUG - get_sector(): Loaded cluster as alpha (10 x 10)
2013-11-07 16:16:22,067 - chodewars.game - DEBUG - Assigning alpha-81 as a child of alpha (10 x 10)
2013-11-07 16:16:22,067 - chodewars.db.FlatFileDatabase - INFO - _write_json(): Wrote {"dockable": false, "name": "alpha", "parent": null, "scanable": false, "children": ["4fc3bd37-a8c8-4b2a-a20a-64cd6c66f182", "76183eea-a8d3-45aa-bb85-da94f55d8d96", "4475c85c-7341-4b32-beac-1643c364837e", "53ca4f14-e78e-4d36-b310-408d53a1cc77", "7071105f-98e7-42db-8f24-e0865699f8a8", "46828a87-9fbb-4637-9483-52d01bd80059", "362725e2-1af7-4556-9e75-56c1a3672360", "2a7a127c-18d4-4933-90cb-45b9a498b490", "71db181a-cc7f-424d-983d-669ea1145899"], "landable": false, "y": 10, "x": 10, "type": "Cluster", "id": "9dbea7b9-7222-4446-88dc-ea63be7f7928", "tradeable": false} to <closed file 'data/universe/9dbea7b9-7222-4446-88dc-ea63be7f7928', mode 'w' at 0x1e6d540>
2013-11-07 16:16:22,068 - chodewars.db.FlatFileDatabase - INFO - _write_json(): Wrote {"dockable": false, "name": "81", "parent": "9dbea7b9-7222-4446-88dc-ea63be7f7928", "scanable": false, "children": [], "landable": false, "cluster_name": "alpha", "type": "Sector", "id": "71db181a-cc7f-424d-983d-669ea1145899", "tradeable": false} to <closed file 'data/universe/71db181a-cc7f-424d-983d-669ea1145899', mode 'w' at 0x1e6d540>
2013-11-07 16:16:22,068 - chodewars.game - DEBUG - Added child alpha-81 to alpha (10 x 10)
2013-11-07 16:16:22,068 - chodewars.game - DEBUG - get_sector(): Returning sector alpha-81 with parent 9dbea7b9-7222-4446-88dc-ea63be7f7928
2013-11-07 16:17:24,962 - chodewars.game - DEBUG - Retrieving player account for id matthew.parlette@gmail.com
2013-11-07 16:17:24,963 - chodewars.game - DEBUG - Returning player {'dockable': False, 'name': u'matt', 'parent': '2a032185-b5ce-456e-8907-75abc3b3a7fe', 'scanable': False, 'landable': False, 'id': u'matthew.parlette@gmail.com', 'type': u'Player', 'children': [], 'tradeable': False}
2013-11-07 16:17:24,964 - chodewars.game - DEBUG - Building list of available warps for sector {'dockable': False, 'name': u'82', 'parent': '9dbea7b9-7222-4446-88dc-ea63be7f7928', 'scanable': False, 'children': [u'459ac891-5138-4ba0-b2b0-e23357b1b176', u'2a032185-b5ce-456e-8907-75abc3b3a7fe'], 'landable': False, 'cluster_name': u'alpha', 'type': u'Sector', 'id': '4fc3bd37-a8c8-4b2a-a20a-64cd6c66f182', 'tradeable': False}
2013-11-07 16:17:24,965 - chodewars.game - DEBUG - Cluster loaded as alpha (10 x 10)
2013-11-07 16:17:24,965 - chodewars.game - DEBUG - Calculations: 82 mod 10 = 2
2013-11-07 16:17:24,972 - chodewars.game - INFO - Moving ship 1 to alpha-81
2013-11-07 16:17:24,972 - chodewars.game - DEBUG - Assigning ship 1 as a child of alpha-81
2013-11-07 16:17:24,972 - chodewars.db.FlatFileDatabase - INFO - _write_json(): Wrote {"dockable": false, "name": "81", "parent": "9dbea7b9-7222-4446-88dc-ea63be7f7928", "scanable": false, "children": ["2a032185-b5ce-456e-8907-75abc3b3a7fe"], "landable": false, "cluster_name": "alpha", "type": "Sector", "id": "71db181a-cc7f-424d-983d-669ea1145899", "tradeable": false} to <closed file 'data/universe/71db181a-cc7f-424d-983d-669ea1145899', mode 'w' at 0x1e6d540>
2013-11-07 16:17:24,973 - chodewars.db.FlatFileDatabase - INFO - _write_json(): Wrote {"dockable": false, "scanable": false, "name": "ship 1", "parent": "71db181a-cc7f-424d-983d-669ea1145899", "holds": 10, "children": ["matthew.parlette@gmail.com"], "landable": false, "type": "Ship", "id": "2a032185-b5ce-456e-8907-75abc3b3a7fe", "tradeable": false} to <closed file 'data/universe/2a032185-b5ce-456e-8907-75abc3b3a7fe', mode 'w' at 0x1e6d540>
2013-11-07 16:17:24,973 - chodewars.game - DEBUG - Added child ship 1 to alpha-81
2013-11-07 16:17:24,973 - chodewars.db.FlatFileDatabase - INFO - _write_json(): Wrote {"dockable": false, "name": "82", "parent": "9dbea7b9-7222-4446-88dc-ea63be7f7928", "scanable": false, "children": ["459ac891-5138-4ba0-b2b0-e23357b1b176"], "landable": false, "cluster_name": "alpha", "type": "Sector", "id": "4fc3bd37-a8c8-4b2a-a20a-64cd6c66f182", "tradeable": false} to <closed file 'data/universe/4fc3bd37-a8c8-4b2a-a20a-64cd6c66f182', mode 'w' at 0x1e6d540>
2013-11-07 16:17:24,974 - chodewars.game - DEBUG - Removed child ship 1 from alpha-82
2013-11-07 16:17:24,977 - chodewars.game - DEBUG - Retrieving player account for id matthew.parlette@gmail.com
2013-11-07 16:17:24,977 - chodewars.game - DEBUG - Returning player {'dockable': False, 'name': u'matt', 'parent': '2a032185-b5ce-456e-8907-75abc3b3a7fe', 'scanable': False, 'landable': False, 'id': u'matthew.parlette@gmail.com', 'type': u'Player', 'children': [], 'tradeable': False}
2013-11-07 16:17:24,978 - chodewars.game - DEBUG - Building list of available warps for sector {'dockable': False, 'name': u'81', 'parent': '9dbea7b9-7222-4446-88dc-ea63be7f7928', 'scanable': False, 'children': [u'2a032185-b5ce-456e-8907-75abc3b3a7fe'], 'landable': False, 'cluster_name': u'alpha', 'type': u'Sector', 'id': '71db181a-cc7f-424d-983d-669ea1145899', 'tradeable': False}
2013-11-07 16:17:24,978 - chodewars.game - DEBUG - Cluster loaded as alpha (10 x 10)
2013-11-07 16:17:24,978 - chodewars.game - DEBUG - Calculations: 81 mod 10 = 1
2013-11-07 16:17:26,391 - chodewars.game - DEBUG - Retrieving player account for id matthew.parlette@gmail.com
2013-11-07 16:17:26,392 - chodewars.game - DEBUG - Returning player {'dockable': False, 'name': u'matt', 'parent': '2a032185-b5ce-456e-8907-75abc3b3a7fe', 'scanable': False, 'landable': False, 'id': u'matthew.parlette@gmail.com', 'type': u'Player', 'children': [], 'tradeable': False}
2013-11-07 16:17:26,393 - chodewars.game - DEBUG - Building list of available warps for sector {'dockable': False, 'name': u'81', 'parent': '9dbea7b9-7222-4446-88dc-ea63be7f7928', 'scanable': False, 'children': [u'2a032185-b5ce-456e-8907-75abc3b3a7fe'], 'landable': False, 'cluster_name': u'alpha', 'type': u'Sector', 'id': '71db181a-cc7f-424d-983d-669ea1145899', 'tradeable': False}
2013-11-07 16:17:26,394 - chodewars.game - DEBUG - Cluster loaded as alpha (10 x 10)
2013-11-07 16:17:26,394 - chodewars.game - DEBUG - Calculations: 81 mod 10 = 1
2013-11-07 16:17:26,400 - chodewars.game - INFO - Moving ship 1 to alpha-72
2013-11-07 16:17:26,401 - chodewars.game - DEBUG - Assigning ship 1 as a child of alpha-72
2013-11-07 16:17:26,402 - chodewars.db.FlatFileDatabase - INFO - _write_json(): Wrote {"dockable": false, "name": "72", "parent": "9dbea7b9-7222-4446-88dc-ea63be7f7928", "scanable": false, "children": ["2a032185-b5ce-456e-8907-75abc3b3a7fe"], "landable": false, "cluster_name": "alpha", "type": "Sector", "id": "4475c85c-7341-4b32-beac-1643c364837e", "tradeable": false} to <closed file 'data/universe/4475c85c-7341-4b32-beac-1643c364837e', mode 'w' at 0x1e6d810>
2013-11-07 16:17:26,402 - chodewars.db.FlatFileDatabase - INFO - _write_json(): Wrote {"dockable": false, "scanable": false, "name": "ship 1", "parent": "4475c85c-7341-4b32-beac-1643c364837e", "holds": 10, "children": ["matthew.parlette@gmail.com"], "landable": false, "type": "Ship", "id": "2a032185-b5ce-456e-8907-75abc3b3a7fe", "tradeable": false} to <closed file 'data/universe/2a032185-b5ce-456e-8907-75abc3b3a7fe', mode 'w' at 0x1e6d810>
2013-11-07 16:17:26,402 - chodewars.game - DEBUG - Added child ship 1 to alpha-72
2013-11-07 16:17:26,402 - chodewars.db.FlatFileDatabase - INFO - _write_json(): Wrote {"dockable": false, "name": "81", "parent": "9dbea7b9-7222-4446-88dc-ea63be7f7928", "scanable": false, "children": [], "landable": false, "cluster_name": "alpha", "type": "Sector", "id": "71db181a-cc7f-424d-983d-669ea1145899", "tradeable": false} to <closed file 'data/universe/71db181a-cc7f-424d-983d-669ea1145899', mode 'w' at 0x1e6d810>
2013-11-07 16:17:26,403 - chodewars.game - DEBUG - Removed child ship 1 from alpha-81
2013-11-07 16:17:26,405 - chodewars.game - DEBUG - Retrieving player account for id matthew.parlette@gmail.com
2013-11-07 16:17:26,405 - chodewars.game - DEBUG - Returning player {'dockable': False, 'name': u'matt', 'parent': '2a032185-b5ce-456e-8907-75abc3b3a7fe', 'scanable': False, 'landable': False, 'id': u'matthew.parlette@gmail.com', 'type': u'Player', 'children': [], 'tradeable': False}
2013-11-07 16:17:26,405 - chodewars.game - DEBUG - Building list of available warps for sector {'dockable': False, 'name': u'72', 'parent': '9dbea7b9-7222-4446-88dc-ea63be7f7928', 'scanable': False, 'children': [u'2a032185-b5ce-456e-8907-75abc3b3a7fe'], 'landable': False, 'cluster_name': u'alpha', 'type': u'Sector', 'id': '4475c85c-7341-4b32-beac-1643c364837e', 'tradeable': False}
2013-11-07 16:17:26,406 - chodewars.game - DEBUG - Cluster loaded as alpha (10 x 10)
2013-11-07 16:17:26,406 - chodewars.game - DEBUG - Calculations: 72 mod 10 = 2
2013-11-07 16:17:26,409 - chodewars.db.FlatFileDatabase - INFO - load_object_by_name(): No object found with name alpha-61, returning None
2013-11-07 16:17:26,410 - chodewars.game - DEBUG - get_sector(): Loaded cluster as alpha (10 x 10)
2013-11-07 16:17:26,410 - chodewars.game - DEBUG - Assigning alpha-61 as a child of alpha (10 x 10)
2013-11-07 16:17:26,411 - chodewars.db.FlatFileDatabase - INFO - _write_json(): Wrote {"dockable": false, "name": "alpha", "parent": null, "scanable": false, "children": ["4fc3bd37-a8c8-4b2a-a20a-64cd6c66f182", "76183eea-a8d3-45aa-bb85-da94f55d8d96", "4475c85c-7341-4b32-beac-1643c364837e", "53ca4f14-e78e-4d36-b310-408d53a1cc77", "7071105f-98e7-42db-8f24-e0865699f8a8", "46828a87-9fbb-4637-9483-52d01bd80059", "362725e2-1af7-4556-9e75-56c1a3672360", "2a7a127c-18d4-4933-90cb-45b9a498b490", "71db181a-cc7f-424d-983d-669ea1145899", "84c8b57d-deac-4e97-b07f-74c044657de2"], "landable": false, "y": 10, "x": 10, "type": "Cluster", "id": "9dbea7b9-7222-4446-88dc-ea63be7f7928", "tradeable": false} to <closed file 'data/universe/9dbea7b9-7222-4446-88dc-ea63be7f7928', mode 'w' at 0x7f0115193c00>
2013-11-07 16:17:26,411 - chodewars.db.FlatFileDatabase - INFO - _write_json(): Wrote {"dockable": false, "name": "61", "parent": "9dbea7b9-7222-4446-88dc-ea63be7f7928", "scanable": false, "children": [], "landable": false, "cluster_name": "alpha", "type": "Sector", "id": "84c8b57d-deac-4e97-b07f-74c044657de2", "tradeable": false} to <closed file 'data/universe/84c8b57d-deac-4e97-b07f-74c044657de2', mode 'w' at 0x7f0115193c00>
2013-11-07 16:17:26,411 - chodewars.game - DEBUG - Added child alpha-61 to alpha (10 x 10)
2013-11-07 16:17:26,411 - chodewars.game - DEBUG - get_sector(): Returning sector alpha-61 with parent 9dbea7b9-7222-4446-88dc-ea63be7f7928
2013-11-07 16:17:26,412 - chodewars.db.FlatFileDatabase - INFO - load_object_by_name(): No object found with name alpha-62, returning None
2013-11-07 16:17:26,413 - chodewars.game - DEBUG - get_sector(): Loaded cluster as alpha (10 x 10)
2013-11-07 16:17:26,413 - chodewars.game - DEBUG - Assigning alpha-62 as a child of alpha (10 x 10)
2013-11-07 16:17:26,820 - chodewars.db.FlatFileDatabase - INFO - _write_json(): Wrote {"dockable": false, "name": "alpha", "parent": null, "scanable": false, "children": ["4fc3bd37-a8c8-4b2a-a20a-64cd6c66f182", "76183eea-a8d3-45aa-bb85-da94f55d8d96", "4475c85c-7341-4b32-beac-1643c364837e", "53ca4f14-e78e-4d36-b310-408d53a1cc77", "7071105f-98e7-42db-8f24-e0865699f8a8", "46828a87-9fbb-4637-9483-52d01bd80059", "362725e2-1af7-4556-9e75-56c1a3672360", "2a7a127c-18d4-4933-90cb-45b9a498b490", "71db181a-cc7f-424d-983d-669ea1145899", "84c8b57d-deac-4e97-b07f-74c044657de2", "54d42520-b03f-4f58-aeae-11d7c93e95ed"], "landable": false, "y": 10, "x": 10, "type": "Cluster", "id": "9dbea7b9-7222-4446-88dc-ea63be7f7928", "tradeable": false} to <closed file 'data/universe/9dbea7b9-7222-4446-88dc-ea63be7f7928', mode 'w' at 0x7f0115193c00>
2013-11-07 16:17:26,821 - chodewars.db.FlatFileDatabase - INFO - _write_json(): Wrote {"dockable": false, "name": "62", "parent": "9dbea7b9-7222-4446-88dc-ea63be7f7928", "scanable": false, "children": [], "landable": false, "cluster_name": "alpha", "type": "Sector", "id": "54d42520-b03f-4f58-aeae-11d7c93e95ed", "tradeable": false} to <closed file 'data/universe/54d42520-b03f-4f58-aeae-11d7c93e95ed', mode 'w' at 0x7f0115193c00>
2013-11-07 16:17:26,821 - chodewars.game - DEBUG - Added child alpha-62 to alpha (10 x 10)
2013-11-07 16:17:26,821 - chodewars.game - DEBUG - get_sector(): Returning sector alpha-62 with parent 9dbea7b9-7222-4446-88dc-ea63be7f7928
2013-11-07 16:17:26,824 - chodewars.db.FlatFileDatabase - INFO - load_object_by_name(): No object found with name alpha-63, returning None
2013-11-07 16:17:26,826 - chodewars.game - DEBUG - get_sector(): Loaded cluster as alpha (10 x 10)
2013-11-07 16:17:26,827 - chodewars.game - DEBUG - Assigning alpha-63 as a child of alpha (10 x 10)
2013-11-07 16:17:26,885 - chodewars.db.FlatFileDatabase - INFO - _write_json(): Wrote {"dockable": false, "name": "alpha", "parent": null, "scanable": false, "children": ["4fc3bd37-a8c8-4b2a-a20a-64cd6c66f182", "76183eea-a8d3-45aa-bb85-da94f55d8d96", "4475c85c-7341-4b32-beac-1643c364837e", "53ca4f14-e78e-4d36-b310-408d53a1cc77", "7071105f-98e7-42db-8f24-e0865699f8a8", "46828a87-9fbb-4637-9483-52d01bd80059", "362725e2-1af7-4556-9e75-56c1a3672360", "2a7a127c-18d4-4933-90cb-45b9a498b490", "71db181a-cc7f-424d-983d-669ea1145899", "84c8b57d-deac-4e97-b07f-74c044657de2", "54d42520-b03f-4f58-aeae-11d7c93e95ed", "90be833a-c8f9-4474-8369-0a5ce16f9da0"], "landable": false, "y": 10, "x": 10, "type": "Cluster", "id": "9dbea7b9-7222-4446-88dc-ea63be7f7928", "tradeable": false} to <closed file 'data/universe/9dbea7b9-7222-4446-88dc-ea63be7f7928', mode 'w' at 0x7f0115193c00>
2013-11-07 16:17:26,886 - chodewars.db.FlatFileDatabase - INFO - _write_json(): Wrote {"dockable": false, "name": "63", "parent": "9dbea7b9-7222-4446-88dc-ea63be7f7928", "scanable": false, "children": [], "landable": false, "cluster_name": "alpha", "type": "Sector", "id": "90be833a-c8f9-4474-8369-0a5ce16f9da0", "tradeable": false} to <closed file 'data/universe/90be833a-c8f9-4474-8369-0a5ce16f9da0', mode 'w' at 0x7f0115193c00>
2013-11-07 16:17:26,886 - chodewars.game - DEBUG - Added child alpha-63 to alpha (10 x 10)
2013-11-07 16:17:26,886 - chodewars.game - DEBUG - get_sector(): Returning sector alpha-63 with parent 9dbea7b9-7222-4446-88dc-ea63be7f7928
2013-11-07 16:17:56,151 - chodewars.game - DEBUG - Retrieving player account for id cparlette@gmail.com
2013-11-07 16:18:45,370 - chodewars.game - DEBUG - Adding player Obsidian
2013-11-07 16:18:45,371 - chodewars.db.FlatFileDatabase - INFO - _write_json(): Wrote {"dockable": false, "name": "Obsidian", "parent": null, "scanable": false, "children": [], "landable": false, "type": "Player", "id": "cparlette@gmail.com", "tradeable": false} to <closed file 'data/universe/cparlette@gmail.com', mode 'w' at 0x7f0115193c00>
2013-11-07 16:18:45,371 - chodewars.game - DEBUG - add_player() returning Obsidian
2013-11-07 16:18:45,452 - chodewars.game - DEBUG - Retrieving player account for id cparlette@gmail.com
2013-11-07 16:18:45,453 - chodewars.game - DEBUG - Returning player {'dockable': False, 'name': u'Obsidian', 'parent': None, 'scanable': False, 'landable': False, 'id': u'cparlette@gmail.com', 'type': u'Player', 'children': [], 'tradeable': False}
2013-11-07 16:19:07,188 - chodewars.game - DEBUG - Retrieving player account for id cparlette@gmail.com
2013-11-07 16:19:07,189 - chodewars.game - DEBUG - Returning player {'dockable': False, 'name': u'Obsidian', 'parent': None, 'scanable': False, 'landable': False, 'id': u'cparlette@gmail.com', 'type': u'Player', 'children': [], 'tradeable': False}
2013-11-07 16:19:07,189 - chodewars.game - DEBUG - _find_empty_sector(): Choosing random cluster from {'alpha': alpha (10 x 10)}
2013-11-07 16:19:07,189 - chodewars.game - DEBUG - Random cluster selected as alpha (10 x 10)
2013-11-07 16:19:07,194 - chodewars.db.FlatFileDatabase - INFO - load_object_by_name(): No object found with name alpha (10 x 10)-22, returning None
2013-11-07 16:19:07,195 - chodewars.game - INFO - Empty sector found, returning alpha-22
2013-11-07 16:19:07,195 - chodewars.game - DEBUG - assign_home_sector(): Home sector determined to be 22
2013-11-07 16:19:07,199 - chodewars.db.FlatFileDatabase - INFO - load_object_by_name(): No object found with name alpha-22, returning None
2013-11-07 16:19:07,200 - chodewars.game - DEBUG - get_sector(): Loaded cluster as alpha (10 x 10)
2013-11-07 16:19:07,200 - chodewars.game - DEBUG - Assigning alpha-22 as a child of alpha (10 x 10)
2013-11-07 16:19:07,201 - chodewars.db.FlatFileDatabase - INFO - _write_json(): Wrote {"dockable": false, "name": "alpha", "parent": null, "scanable": false, "children": ["4fc3bd37-a8c8-4b2a-a20a-64cd6c66f182", "76183eea-a8d3-45aa-bb85-da94f55d8d96", "4475c85c-7341-4b32-beac-1643c364837e", "53ca4f14-e78e-4d36-b310-408d53a1cc77", "7071105f-98e7-42db-8f24-e0865699f8a8", "46828a87-9fbb-4637-9483-52d01bd80059", "362725e2-1af7-4556-9e75-56c1a3672360", "2a7a127c-18d4-4933-90cb-45b9a498b490", "71db181a-cc7f-424d-983d-669ea1145899", "84c8b57d-deac-4e97-b07f-74c044657de2", "54d42520-b03f-4f58-aeae-11d7c93e95ed", "90be833a-c8f9-4474-8369-0a5ce16f9da0", "9356b2e2-9a3a-4fb6-a7ed-2b2e25d90b58"], "landable": false, "y": 10, "x": 10, "type": "Cluster", "id": "9dbea7b9-7222-4446-88dc-ea63be7f7928", "tradeable": false} to <closed file 'data/universe/9dbea7b9-7222-4446-88dc-ea63be7f7928', mode 'w' at 0x7f0115193c00>
2013-11-07 16:19:07,201 - chodewars.db.FlatFileDatabase - INFO - _write_json(): Wrote {"dockable": false, "name": "22", "parent": "9dbea7b9-7222-4446-88dc-ea63be7f7928", "scanable": false, "children": [], "landable": false, "cluster_name": "alpha", "type": "Sector", "id": "9356b2e2-9a3a-4fb6-a7ed-2b2e25d90b58", "tradeable": false} to <closed file 'data/universe/9356b2e2-9a3a-4fb6-a7ed-2b2e25d90b58', mode 'w' at 0x7f0115193c00>
2013-11-07 16:19:07,201 - chodewars.game - DEBUG - Added child alpha-22 to alpha (10 x 10)
2013-11-07 16:19:07,201 - chodewars.game - DEBUG - get_sector(): Returning sector alpha-22 with parent 9dbea7b9-7222-4446-88dc-ea63be7f7928
2013-11-07 16:19:07,201 - chodewars.game - DEBUG - assign_home_sector(): Adding planet Shart
2013-11-07 16:19:07,201 - chodewars.game - DEBUG - Assigning Shart as a child of alpha-22
2013-11-07 16:19:07,202 - chodewars.db.FlatFileDatabase - INFO - _write_json(): Wrote {"dockable": false, "name": "22", "parent": "9dbea7b9-7222-4446-88dc-ea63be7f7928", "scanable": false, "children": ["65db2308-d4d9-4f3a-b78b-69561e09bfb7"], "landable": false, "cluster_name": "alpha", "type": "Sector", "id": "9356b2e2-9a3a-4fb6-a7ed-2b2e25d90b58", "tradeable": false} to <closed file 'data/universe/9356b2e2-9a3a-4fb6-a7ed-2b2e25d90b58', mode 'w' at 0x7f0115193c00>
2013-11-07 16:19:07,202 - chodewars.db.FlatFileDatabase - INFO - _write_json(): Wrote {"dockable": false, "name": "Shart", "parent": "9356b2e2-9a3a-4fb6-a7ed-2b2e25d90b58", "scanable": false, "children": [], "landable": false, "type": "Planet", "id": "65db2308-d4d9-4f3a-b78b-69561e09bfb7", "tradeable": false} to <closed file 'data/universe/65db2308-d4d9-4f3a-b78b-69561e09bfb7', mode 'w' at 0x7f0115193c00>
2013-11-07 16:19:07,202 - chodewars.game - DEBUG - Added child Shart to alpha-22
2013-11-07 16:19:07,202 - chodewars.game - DEBUG - Assigning The Beast as a child of alpha-22
2013-11-07 16:19:07,203 - chodewars.db.FlatFileDatabase - INFO - _write_json(): Wrote {"dockable": false, "name": "22", "parent": "9dbea7b9-7222-4446-88dc-ea63be7f7928", "scanable": false, "children": ["65db2308-d4d9-4f3a-b78b-69561e09bfb7", "5e84698b-7f6d-48f6-9f64-870cabdcccb7"], "landable": false, "cluster_name": "alpha", "type": "Sector", "id": "9356b2e2-9a3a-4fb6-a7ed-2b2e25d90b58", "tradeable": false} to <closed file 'data/universe/9356b2e2-9a3a-4fb6-a7ed-2b2e25d90b58', mode 'w' at 0x7f0115193c00>
2013-11-07 16:19:07,203 - chodewars.db.FlatFileDatabase - INFO - _write_json(): Wrote {"dockable": false, "scanable": false, "name": "The Beast", "parent": "9356b2e2-9a3a-4fb6-a7ed-2b2e25d90b58", "holds": 10, "children": [], "landable": false, "type": "Ship", "id": "5e84698b-7f6d-48f6-9f64-870cabdcccb7", "tradeable": false} to <closed file 'data/universe/5e84698b-7f6d-48f6-9f64-870cabdcccb7', mode 'w' at 0x7f0115193c00>
2013-11-07 16:19:07,203 - chodewars.game - DEBUG - Added child The Beast to alpha-22
2013-11-07 16:19:07,203 - chodewars.game - DEBUG - Assigning Obsidian as a child of The Beast
2013-11-07 16:19:07,203 - chodewars.db.FlatFileDatabase - INFO - _write_json(): Wrote {"dockable": false, "scanable": false, "name": "The Beast", "parent": "9356b2e2-9a3a-4fb6-a7ed-2b2e25d90b58", "holds": 10, "children": ["cparlette@gmail.com"], "landable": false, "type": "Ship", "id": "5e84698b-7f6d-48f6-9f64-870cabdcccb7", "tradeable": false} to <closed file 'data/universe/5e84698b-7f6d-48f6-9f64-870cabdcccb7', mode 'w' at 0x7f0115193c00>
2013-11-07 16:19:07,204 - chodewars.db.FlatFileDatabase - INFO - _write_json(): Wrote {"dockable": false, "name": "Obsidian", "parent": "5e84698b-7f6d-48f6-9f64-870cabdcccb7", "scanable": false, "children": [], "landable": false, "type": "Player", "id": "cparlette@gmail.com", "tradeable": false} to <closed file 'data/universe/cparlette@gmail.com', mode 'w' at 0x7f0115193c00>
2013-11-07 16:19:07,204 - chodewars.game - DEBUG - Added child Obsidian to The Beast
2013-11-07 16:19:07,290 - chodewars.game - DEBUG - Retrieving player account for id cparlette@gmail.com
2013-11-07 16:19:07,291 - chodewars.game - DEBUG - Returning player {'dockable': False, 'name': u'Obsidian', 'parent': '5e84698b-7f6d-48f6-9f64-870cabdcccb7', 'scanable': False, 'landable': False, 'id': u'cparlette@gmail.com', 'type': u'Player', 'children': [], 'tradeable': False}
2013-11-07 16:19:07,292 - chodewars.game - DEBUG - Building list of available warps for sector {'dockable': False, 'name': u'22', 'parent': '9dbea7b9-7222-4446-88dc-ea63be7f7928', 'scanable': False, 'children': [u'65db2308-d4d9-4f3a-b78b-69561e09bfb7', u'5e84698b-7f6d-48f6-9f64-870cabdcccb7'], 'landable': False, 'cluster_name': u'alpha', 'type': u'Sector', 'id': '9356b2e2-9a3a-4fb6-a7ed-2b2e25d90b58', 'tradeable': False}
2013-11-07 16:19:07,292 - chodewars.game - DEBUG - Cluster loaded as alpha (10 x 10)
2013-11-07 16:19:07,292 - chodewars.game - DEBUG - Calculations: 22 mod 10 = 2
2013-11-07 16:19:07,297 - chodewars.db.FlatFileDatabase - INFO - load_object_by_name(): No object found with name alpha-11, returning None
2013-11-07 16:19:07,300 - chodewars.game - DEBUG - get_sector(): Loaded cluster as alpha (10 x 10)
2013-11-07 16:19:07,300 - chodewars.game - DEBUG - Assigning alpha-11 as a child of alpha (10 x 10)
2013-11-07 16:19:07,301 - chodewars.db.FlatFileDatabase - INFO - _write_json(): Wrote {"dockable": false, "name": "alpha", "parent": null, "scanable": false, "children": ["4fc3bd37-a8c8-4b2a-a20a-64cd6c66f182", "76183eea-a8d3-45aa-bb85-da94f55d8d96", "4475c85c-7341-4b32-beac-1643c364837e", "53ca4f14-e78e-4d36-b310-408d53a1cc77", "7071105f-98e7-42db-8f24-e0865699f8a8", "46828a87-9fbb-4637-9483-52d01bd80059", "362725e2-1af7-4556-9e75-56c1a3672360", "2a7a127c-18d4-4933-90cb-45b9a498b490", "71db181a-cc7f-424d-983d-669ea1145899", "84c8b57d-deac-4e97-b07f-74c044657de2", "54d42520-b03f-4f58-aeae-11d7c93e95ed", "90be833a-c8f9-4474-8369-0a5ce16f9da0", "9356b2e2-9a3a-4fb6-a7ed-2b2e25d90b58", "4d0137aa-381d-4c0d-9600-a15862c58f27"], "landable": false, "y": 10, "x": 10, "type": "Cluster", "id": "9dbea7b9-7222-4446-88dc-ea63be7f7928", "tradeable": false} to <closed file 'data/universe/9dbea7b9-7222-4446-88dc-ea63be7f7928', mode 'w' at 0x7f0115193c00>
2013-11-07 16:19:07,301 - chodewars.db.FlatFileDatabase - INFO - _write_json(): Wrote {"dockable": false, "name": "11", "parent": "9dbea7b9-7222-4446-88dc-ea63be7f7928", "scanable": false, "children": [], "landable": false, "cluster_name": "alpha", "type": "Sector", "id": "4d0137aa-381d-4c0d-9600-a15862c58f27", "tradeable": false} to <closed file 'data/universe/4d0137aa-381d-4c0d-9600-a15862c58f27', mode 'w' at 0x7f0115193c00>
2013-11-07 16:19:07,302 - chodewars.game - DEBUG - Added child alpha-11 to alpha (10 x 10)
2013-11-07 16:19:07,302 - chodewars.game - DEBUG - get_sector(): Returning sector alpha-11 with parent 9dbea7b9-7222-4446-88dc-ea63be7f7928
2013-11-07 16:19:07,306 - chodewars.db.FlatFileDatabase - INFO - load_object_by_name(): No object found with name alpha-12, returning None
2013-11-07 16:19:07,307 - chodewars.game - DEBUG - get_sector(): Loaded cluster as alpha (10 x 10)
2013-11-07 16:19:07,307 - chodewars.game - DEBUG - Assigning alpha-12 as a child of alpha (10 x 10)
2013-11-07 16:19:07,307 - chodewars.db.FlatFileDatabase - INFO - _write_json(): Wrote {"dockable": false, "name": "alpha", "parent": null, "scanable": false, "children": ["4fc3bd37-a8c8-4b2a-a20a-64cd6c66f182", "76183eea-a8d3-45aa-bb85-da94f55d8d96", "4475c85c-7341-4b32-beac-1643c364837e", "53ca4f14-e78e-4d36-b310-408d53a1cc77", "7071105f-98e7-42db-8f24-e0865699f8a8", "46828a87-9fbb-4637-9483-52d01bd80059", "362725e2-1af7-4556-9e75-56c1a3672360", "2a7a127c-18d4-4933-90cb-45b9a498b490", "71db181a-cc7f-424d-983d-669ea1145899", "84c8b57d-deac-4e97-b07f-74c044657de2", "54d42520-b03f-4f58-aeae-11d7c93e95ed", "90be833a-c8f9-4474-8369-0a5ce16f9da0", "9356b2e2-9a3a-4fb6-a7ed-2b2e25d90b58", "4d0137aa-381d-4c0d-9600-a15862c58f27", "f0b72d7a-ec2d-423b-a0cc-dc0c0181297f"], "landable": false, "y": 10, "x": 10, "type": "Cluster", "id": "9dbea7b9-7222-4446-88dc-ea63be7f7928", "tradeable": false} to <closed file 'data/universe/9dbea7b9-7222-4446-88dc-ea63be7f7928', mode 'w' at 0x7f0115193c00>
2013-11-07 16:19:07,308 - chodewars.db.FlatFileDatabase - INFO - _write_json(): Wrote {"dockable": false, "name": "12", "parent": "9dbea7b9-7222-4446-88dc-ea63be7f7928", "scanable": false, "children": [], "landable": false, "cluster_name": "alpha", "type": "Sector", "id": "f0b72d7a-ec2d-423b-a0cc-dc0c0181297f", "tradeable": false} to <closed file 'data/universe/f0b72d7a-ec2d-423b-a0cc-dc0c0181297f', mode 'w' at 0x7f0115193c00>
2013-11-07 16:19:07,308 - chodewars.game - DEBUG - Added child alpha-12 to alpha (10 x 10)
2013-11-07 16:19:07,308 - chodewars.game - DEBUG - get_sector(): Returning sector alpha-12 with parent 9dbea7b9-7222-4446-88dc-ea63be7f7928
2013-11-07 16:19:07,309 - chodewars.db.FlatFileDatabase - INFO - load_object_by_name(): No object found with name alpha-13, returning None
2013-11-07 16:19:07,311 - chodewars.game - DEBUG - get_sector(): Loaded cluster as alpha (10 x 10)
2013-11-07 16:19:07,311 - chodewars.game - DEBUG - Assigning alpha-13 as a child of alpha (10 x 10)
2013-11-07 16:19:07,311 - chodewars.db.FlatFileDatabase - INFO - _write_json(): Wrote {"dockable": false, "name": "alpha", "parent": null, "scanable": false, "children": ["4fc3bd37-a8c8-4b2a-a20a-64cd6c66f182", "76183eea-a8d3-45aa-bb85-da94f55d8d96", "4475c85c-7341-4b32-beac-1643c364837e", "53ca4f14-e78e-4d36-b310-408d53a1cc77", "7071105f-98e7-42db-8f24-e0865699f8a8", "46828a87-9fbb-4637-9483-52d01bd80059", "362725e2-1af7-4556-9e75-56c1a3672360", "2a7a127c-18d4-4933-90cb-45b9a498b490", "71db181a-cc7f-424d-983d-669ea1145899", "84c8b57d-deac-4e97-b07f-74c044657de2", "54d42520-b03f-4f58-aeae-11d7c93e95ed", "90be833a-c8f9-4474-8369-0a5ce16f9da0", "9356b2e2-9a3a-4fb6-a7ed-2b2e25d90b58", "4d0137aa-381d-4c0d-9600-a15862c58f27", "f0b72d7a-ec2d-423b-a0cc-dc0c0181297f", "7ff681b5-1dd8-41ad-9db9-8a1618486146"], "landable": false, "y": 10, "x": 10, "type": "Cluster", "id": "9dbea7b9-7222-4446-88dc-ea63be7f7928", "tradeable": false} to <closed file 'data/universe/9dbea7b9-7222-4446-88dc-ea63be7f7928', mode 'w' at 0x7f0115193c00>
2013-11-07 16:19:07,311 - chodewars.db.FlatFileDatabase - INFO - _write_json(): Wrote {"dockable": false, "name": "13", "parent": "9dbea7b9-7222-4446-88dc-ea63be7f7928", "scanable": false, "children": [], "landable": false, "cluster_name": "alpha", "type": "Sector", "id": "7ff681b5-1dd8-41ad-9db9-8a1618486146", "tradeable": false} to <closed file 'data/universe/7ff681b5-1dd8-41ad-9db9-8a1618486146', mode 'w' at 0x7f0115193c00>
2013-11-07 16:19:07,311 - chodewars.game - DEBUG - Added child alpha-13 to alpha (10 x 10)
2013-11-07 16:19:07,312 - chodewars.game - DEBUG - get_sector(): Returning sector alpha-13 with parent 9dbea7b9-7222-4446-88dc-ea63be7f7928
2013-11-07 16:19:07,313 - chodewars.db.FlatFileDatabase - INFO - load_object_by_name(): No object found with name alpha-23, returning None
2013-11-07 16:19:07,315 - chodewars.game - DEBUG - get_sector(): Loaded cluster as alpha (10 x 10)
2013-11-07 16:19:07,315 - chodewars.game - DEBUG - Assigning alpha-23 as a child of alpha (10 x 10)
2013-11-07 16:19:07,315 - chodewars.db.FlatFileDatabase - INFO - _write_json(): Wrote {"dockable": false, "name": "alpha", "parent": null, "scanable": false, "children": ["4fc3bd37-a8c8-4b2a-a20a-64cd6c66f182", "76183eea-a8d3-45aa-bb85-da94f55d8d96", "4475c85c-7341-4b32-beac-1643c364837e", "53ca4f14-e78e-4d36-b310-408d53a1cc77", "7071105f-98e7-42db-8f24-e0865699f8a8", "46828a87-9fbb-4637-9483-52d01bd80059", "362725e2-1af7-4556-9e75-56c1a3672360", "2a7a127c-18d4-4933-90cb-45b9a498b490", "71db181a-cc7f-424d-983d-669ea1145899", "84c8b57d-deac-4e97-b07f-74c044657de2", "54d42520-b03f-4f58-aeae-11d7c93e95ed", "90be833a-c8f9-4474-8369-0a5ce16f9da0", "9356b2e2-9a3a-4fb6-a7ed-2b2e25d90b58", "4d0137aa-381d-4c0d-9600-a15862c58f27", "f0b72d7a-ec2d-423b-a0cc-dc0c0181297f", "7ff681b5-1dd8-41ad-9db9-8a1618486146", "126fb557-d002-45bb-ae93-cd2f8747b982"], "landable": false, "y": 10, "x": 10, "type": "Cluster", "id": "9dbea7b9-7222-4446-88dc-ea63be7f7928", "tradeable": false} to <closed file 'data/universe/9dbea7b9-7222-4446-88dc-ea63be7f7928', mode 'w' at 0x7f0115193c00>
2013-11-07 16:19:07,315 - chodewars.db.FlatFileDatabase - INFO - _write_json(): Wrote {"dockable": false, "name": "23", "parent": "9dbea7b9-7222-4446-88dc-ea63be7f7928", "scanable": false, "children": [], "landable": false, "cluster_name": "alpha", "type": "Sector", "id": "126fb557-d002-45bb-ae93-cd2f8747b982", "tradeable": false} to <closed file 'data/universe/126fb557-d002-45bb-ae93-cd2f8747b982', mode 'w' at 0x7f0115193c00>
2013-11-07 16:19:07,315 - chodewars.game - DEBUG - Added child alpha-23 to alpha (10 x 10)
2013-11-07 16:19:07,316 - chodewars.game - DEBUG - get_sector(): Returning sector alpha-23 with parent 9dbea7b9-7222-4446-88dc-ea63be7f7928
2013-11-07 16:19:07,318 - chodewars.db.FlatFileDatabase - INFO - load_object_by_name(): No object found with name alpha-33, returning None
2013-11-07 16:19:07,319 - chodewars.game - DEBUG - get_sector(): Loaded cluster as alpha (10 x 10)
2013-11-07 16:19:07,319 - chodewars.game - DEBUG - Assigning alpha-33 as a child of alpha (10 x 10)
2013-11-07 16:19:07,319 - chodewars.db.FlatFileDatabase - INFO - _write_json(): Wrote {"dockable": false, "name": "alpha", "parent": null, "scanable": false, "children": ["4fc3bd37-a8c8-4b2a-a20a-64cd6c66f182", "76183eea-a8d3-45aa-bb85-da94f55d8d96", "4475c85c-7341-4b32-beac-1643c364837e", "53ca4f14-e78e-4d36-b310-408d53a1cc77", "7071105f-98e7-42db-8f24-e0865699f8a8", "46828a87-9fbb-4637-9483-52d01bd80059", "362725e2-1af7-4556-9e75-56c1a3672360", "2a7a127c-18d4-4933-90cb-45b9a498b490", "71db181a-cc7f-424d-983d-669ea1145899", "84c8b57d-deac-4e97-b07f-74c044657de2", "54d42520-b03f-4f58-aeae-11d7c93e95ed", "90be833a-c8f9-4474-8369-0a5ce16f9da0", "9356b2e2-9a3a-4fb6-a7ed-2b2e25d90b58", "4d0137aa-381d-4c0d-9600-a15862c58f27", "f0b72d7a-ec2d-423b-a0cc-dc0c0181297f", "7ff681b5-1dd8-41ad-9db9-8a1618486146", "126fb557-d002-45bb-ae93-cd2f8747b982", "48ce1432-3273-4268-a374-ac451115baa6"], "landable": false, "y": 10, "x": 10, "type": "Cluster", "id": "9dbea7b9-7222-4446-88dc-ea63be7f7928", "tradeable": false} to <closed file 'data/universe/9dbea7b9-7222-4446-88dc-ea63be7f7928', mode 'w' at 0x7f0115193c00>
2013-11-07 16:19:07,320 - chodewars.db.FlatFileDatabase - INFO - _write_json(): Wrote {"dockable": false, "name": "33", "parent": "9dbea7b9-7222-4446-88dc-ea63be7f7928", "scanable": false, "children": [], "landable": false, "cluster_name": "alpha", "type": "Sector", "id": "48ce1432-3273-4268-a374-ac451115baa6", "tradeable": false} to <closed file 'data/universe/48ce1432-3273-4268-a374-ac451115baa6', mode 'w' at 0x7f0115193c00>
2013-11-07 16:19:07,320 - chodewars.game - DEBUG - Added child alpha-33 to alpha (10 x 10)
2013-11-07 16:19:07,320 - chodewars.game - DEBUG - get_sector(): Returning sector alpha-33 with parent 9dbea7b9-7222-4446-88dc-ea63be7f7928
2013-11-07 16:19:07,322 - chodewars.db.FlatFileDatabase - INFO - load_object_by_name(): No object found with name alpha-32, returning None
2013-11-07 16:19:07,323 - chodewars.game - DEBUG - get_sector(): Loaded cluster as alpha (10 x 10)
2013-11-07 16:19:07,323 - chodewars.game - DEBUG - Assigning alpha-32 as a child of alpha (10 x 10)
2013-11-07 16:19:07,323 - chodewars.db.FlatFileDatabase - INFO - _write_json(): Wrote {"dockable": false, "name": "alpha", "parent": null, "scanable": false, "children": ["4fc3bd37-a8c8-4b2a-a20a-64cd6c66f182", "76183eea-a8d3-45aa-bb85-da94f55d8d96", "4475c85c-7341-4b32-beac-1643c364837e", "53ca4f14-e78e-4d36-b310-408d53a1cc77", "7071105f-98e7-42db-8f24-e0865699f8a8", "46828a87-9fbb-4637-9483-52d01bd80059", "362725e2-1af7-4556-9e75-56c1a3672360", "2a7a127c-18d4-4933-90cb-45b9a498b490", "71db181a-cc7f-424d-983d-669ea1145899", "84c8b57d-deac-4e97-b07f-74c044657de2", "54d42520-b03f-4f58-aeae-11d7c93e95ed", "90be833a-c8f9-4474-8369-0a5ce16f9da0", "9356b2e2-9a3a-4fb6-a7ed-2b2e25d90b58", "4d0137aa-381d-4c0d-9600-a15862c58f27", "f0b72d7a-ec2d-423b-a0cc-dc0c0181297f", "7ff681b5-1dd8-41ad-9db9-8a1618486146", "126fb557-d002-45bb-ae93-cd2f8747b982", "48ce1432-3273-4268-a374-ac451115baa6", "506f70a3-823a-4c64-83b3-1c903a167d27"], "landable": false, "y": 10, "x": 10, "type": "Cluster", "id": "9dbea7b9-7222-4446-88dc-ea63be7f7928", "tradeable": false} to <closed file 'data/universe/9dbea7b9-7222-4446-88dc-ea63be7f7928', mode 'w' at 0x7f0115193c00>
2013-11-07 16:19:07,323 - chodewars.db.FlatFileDatabase - INFO - _write_json(): Wrote {"dockable": false, "name": "32", "parent": "9dbea7b9-7222-4446-88dc-ea63be7f7928", "scanable": false, "children": [], "landable": false, "cluster_name": "alpha", "type": "Sector", "id": "506f70a3-823a-4c64-83b3-1c903a167d27", "tradeable": false} to <closed file 'data/universe/506f70a3-823a-4c64-83b3-1c903a167d27', mode 'w' at 0x7f0115193c00>
2013-11-07 16:19:07,324 - chodewars.game - DEBUG - Added child alpha-32 to alpha (10 x 10)
2013-11-07 16:19:07,324 - chodewars.game - DEBUG - get_sector(): Returning sector alpha-32 with parent 9dbea7b9-7222-4446-88dc-ea63be7f7928
2013-11-07 16:19:07,326 - chodewars.db.FlatFileDatabase - INFO - load_object_by_name(): No object found with name alpha-31, returning None
2013-11-07 16:19:07,327 - chodewars.game - DEBUG - get_sector(): Loaded cluster as alpha (10 x 10)
2013-11-07 16:19:07,327 - chodewars.game - DEBUG - Assigning alpha-31 as a child of alpha (10 x 10)
2013-11-07 16:19:07,327 - chodewars.db.FlatFileDatabase - INFO - _write_json(): Wrote {"dockable": false, "name": "alpha", "parent": null, "scanable": false, "children": ["4fc3bd37-a8c8-4b2a-a20a-64cd6c66f182", "76183eea-a8d3-45aa-bb85-da94f55d8d96", "4475c85c-7341-4b32-beac-1643c364837e", "53ca4f14-e78e-4d36-b310-408d53a1cc77", "7071105f-98e7-42db-8f24-e0865699f8a8", "46828a87-9fbb-4637-9483-52d01bd80059", "362725e2-1af7-4556-9e75-56c1a3672360", "2a7a127c-18d4-4933-90cb-45b9a498b490", "71db181a-cc7f-424d-983d-669ea1145899", "84c8b57d-deac-4e97-b07f-74c044657de2", "54d42520-b03f-4f58-aeae-11d7c93e95ed", "90be833a-c8f9-4474-8369-0a5ce16f9da0", "9356b2e2-9a3a-4fb6-a7ed-2b2e25d90b58", "4d0137aa-381d-4c0d-9600-a15862c58f27", "f0b72d7a-ec2d-423b-a0cc-dc0c0181297f", "7ff681b5-1dd8-41ad-9db9-8a1618486146", "126fb557-d002-45bb-ae93-cd2f8747b982", "48ce1432-3273-4268-a374-ac451115baa6", "506f70a3-823a-4c64-83b3-1c903a167d27", "4f595d37-cae5-44fd-95e1-becf8e671e26"], "landable": false, "y": 10, "x": 10, "type": "Cluster", "id": "9dbea7b9-7222-4446-88dc-ea63be7f7928", "tradeable": false} to <closed file 'data/universe/9dbea7b9-7222-4446-88dc-ea63be7f7928', mode 'w' at 0x7f0115193c00>
2013-11-07 16:19:07,328 - chodewars.db.FlatFileDatabase - INFO - _write_json(): Wrote {"dockable": false, "name": "31", "parent": "9dbea7b9-7222-4446-88dc-ea63be7f7928", "scanable": false, "children": [], "landable": false, "cluster_name": "alpha", "type": "Sector", "id": "4f595d37-cae5-44fd-95e1-becf8e671e26", "tradeable": false} to <closed file 'data/universe/4f595d37-cae5-44fd-95e1-becf8e671e26', mode 'w' at 0x7f0115193c00>
2013-11-07 16:19:07,328 - chodewars.game - DEBUG - Added child alpha-31 to alpha (10 x 10)
2013-11-07 16:19:07,328 - chodewars.game - DEBUG - get_sector(): Returning sector alpha-31 with parent 9dbea7b9-7222-4446-88dc-ea63be7f7928
2013-11-07 16:19:07,330 - chodewars.db.FlatFileDatabase - INFO - load_object_by_name(): No object found with name alpha-21, returning None
2013-11-07 16:19:07,331 - chodewars.game - DEBUG - get_sector(): Loaded cluster as alpha (10 x 10)
2013-11-07 16:19:07,331 - chodewars.game - DEBUG - Assigning alpha-21 as a child of alpha (10 x 10)
2013-11-07 16:19:07,332 - chodewars.db.FlatFileDatabase - INFO - _write_json(): Wrote {"dockable": false, "name": "alpha", "parent": null, "scanable": false, "children": ["4fc3bd37-a8c8-4b2a-a20a-64cd6c66f182", "76183eea-a8d3-45aa-bb85-da94f55d8d96", "4475c85c-7341-4b32-beac-1643c364837e", "53ca4f14-e78e-4d36-b310-408d53a1cc77", "7071105f-98e7-42db-8f24-e0865699f8a8", "46828a87-9fbb-4637-9483-52d01bd80059", "362725e2-1af7-4556-9e75-56c1a3672360", "2a7a127c-18d4-4933-90cb-45b9a498b490", "71db181a-cc7f-424d-983d-669ea1145899", "84c8b57d-deac-4e97-b07f-74c044657de2", "54d42520-b03f-4f58-aeae-11d7c93e95ed", "90be833a-c8f9-4474-8369-0a5ce16f9da0", "9356b2e2-9a3a-4fb6-a7ed-2b2e25d90b58", "4d0137aa-381d-4c0d-9600-a15862c58f27", "f0b72d7a-ec2d-423b-a0cc-dc0c0181297f", "7ff681b5-1dd8-41ad-9db9-8a1618486146", "126fb557-d002-45bb-ae93-cd2f8747b982", "48ce1432-3273-4268-a374-ac451115baa6", "506f70a3-823a-4c64-83b3-1c903a167d27", "4f595d37-cae5-44fd-95e1-becf8e671e26", "51f5b46d-5631-4e54-840b-b12d0e5c5f92"], "landable": false, "y": 10, "x": 10, "type": "Cluster", "id": "9dbea7b9-7222-4446-88dc-ea63be7f7928", "tradeable": false} to <closed file 'data/universe/9dbea7b9-7222-4446-88dc-ea63be7f7928', mode 'w' at 0x7f0115193c00>
2013-11-07 16:19:07,332 - chodewars.db.FlatFileDatabase - INFO - _write_json(): Wrote {"dockable": false, "name": "21", "parent": "9dbea7b9-7222-4446-88dc-ea63be7f7928", "scanable": false, "children": [], "landable": false, "cluster_name": "alpha", "type": "Sector", "id": "51f5b46d-5631-4e54-840b-b12d0e5c5f92", "tradeable": false} to <closed file 'data/universe/51f5b46d-5631-4e54-840b-b12d0e5c5f92', mode 'w' at 0x7f0115193c00>
2013-11-07 16:19:07,332 - chodewars.game - DEBUG - Added child alpha-21 to alpha (10 x 10)
2013-11-07 16:19:07,332 - chodewars.game - DEBUG - get_sector(): Returning sector alpha-21 with parent 9dbea7b9-7222-4446-88dc-ea63be7f7928
2013-11-07 16:52:01,300 - chodewars.game - INFO - 
____________________
Game Initialized: 
____________________
2013-11-07 16:52:01,300 - chodewars.game - DEBUG - Loading configuration
2013-11-07 16:52:01,300 - chodewars.game - INFO - Using flat file database
2013-11-07 16:52:01,300 - chodewars.game - DEBUG - Connecting to database
2013-11-07 16:52:01,300 - chodewars.game - DEBUG - Loading cluster alpha
2013-11-07 16:52:01,301 - chodewars.game - DEBUG - Cluster alpha has been loaded
2013-11-07 16:52:01,301 - chodewars.game - DEBUG - Clusters initialized: {'alpha': alpha (10 x 10)}
2013-11-07 16:52:04,858 - chodewars.game - DEBUG - Retrieving player account for id matthew.parlette@gmail.com
2013-11-07 16:52:04,859 - chodewars.game - DEBUG - Returning player {'dockable': False, 'name': u'matt', 'parent': '2a032185-b5ce-456e-8907-75abc3b3a7fe', 'scanable': False, 'landable': False, 'id': u'matthew.parlette@gmail.com', 'type': u'Player', 'children': [], 'tradeable': False}
2013-11-07 16:52:04,860 - chodewars.game - DEBUG - Building list of available warps for sector {'dockable': False, 'name': u'72', 'parent': '9dbea7b9-7222-4446-88dc-ea63be7f7928', 'scanable': False, 'children': [u'2a032185-b5ce-456e-8907-75abc3b3a7fe'], 'landable': False, 'cluster_name': u'alpha', 'type': u'Sector', 'id': '4475c85c-7341-4b32-beac-1643c364837e', 'tradeable': False}
2013-11-07 16:52:04,860 - chodewars.game - DEBUG - Cluster loaded as alpha (10 x 10)
2013-11-07 16:52:04,860 - chodewars.game - DEBUG - Calculations: 72 mod 10 = 2
